
=== Sat Apr  4 01:01:51 2020

Packages were changed.
Update Mode: updateDependencies

The following packages were updated:
  com.unity.ide.rider from version 1.1.0 to 1.1.4
  com.unity.ide.vscode from version 1.1.0 to 1.1.4
  com.unity.test-framework from version 1.0.13 to 1.1.11
  com.unity.timeline from version 1.1.0 to 1.2.6
The following packages were removed:
  com.unity.package-manager-ui@2.2.0

=== Sun Dec 31 14:44:36 2023

Packages were changed.
Update Mode: updateDependencies

The following packages were added:
  com.unity.ide.visualstudio@2.0.21
  com.unity.ai.navigation@1.1.4
The following packages were updated:
  com.unity.collab-proxy from version 1.2.16 to 2.1.0
  com.unity.ext.nunit from version 1.0.0 to 2.0.3
  com.unity.ide.rider from version 1.1.4 to 3.0.25
  com.unity.postprocessing from version 2.3.0 to 3.3.0
  com.unity.probuilder from version 4.2.3 to 5.0.7
  com.unity.test-framework from version 1.1.11 to 1.3.9
  com.unity.textmeshpro from version 2.0.1 to 3.0.6
  com.unity.timeline from version 1.2.6 to 1.8.2
